Mon 17 May 2021 11:18:22 AM EDT
/home/annguyen/it244/hw/tmp
------------------
total 56
-rwxr-xr-x 1 annguyen it244-2G  159 May 16 22:51 bother.sh
-rw-r--r-- 1 annguyen it244-2G 1083 May 16 22:43 current_users.txt
-rwxr-xr-x 1 annguyen it244-2G  290 May 17 11:17 dir_snap.sh
-rw-r--r-- 1 annguyen it244-2G   40 May 17 11:01 errors.txt
-rw-r--r-- 1 annguyen it244-2G   86 May 17 11:03 everything.txt
-rw-r--r-- 1 annguyen it244-2G   35 May 16 22:39 five_lines.txt
-rw-r--r-- 1 annguyen it244-2G   46 May 17 10:56 foo1.txt
-rw-r--r-- 1 annguyen it244-2G   51 May 17 10:56 foo2.txt
-rw-r--r-- 1 annguyen it244-2G    0 May 16 23:16 foo.sh
-rw-r--r-- 1 annguyen it244-2G    0 May 16 23:16 foo.txt
-rw-r--r-- 1 annguyen it244-2G   46 May 17 10:59 foo_xxx.txt
-rw-r--r-- 1 annguyen it244-2G  272 May 16 22:48 gh_dir.txt
-rw-r--r-- 1 annguyen it244-2G   17 May 16 22:50 lines.txt
-rw-r--r-- 1 annguyen it244-2G   16 May 16 22:30 name.txt
-rwxr-xr-x 1 annguyen it244-2G  229 May 16 22:39 repeat.sh
-rw-r--r-- 1 annguyen it244-2G   79 May 17 11:17 snapshot.log

